2021-01-26 20:22:33 +0000  Initial pipeline context: <IDEDistributionProcessingPipelineContext: 0x7f8f9acd88d0; archive(resolved)='<IDEArchive: 0x7f8f9c1dd460>', distributionTask(resolved)='2', distributionDestination(resolved)='1', distributionMethod(resolved)='<IDEDistributionMethodDevelopmentSigned: 0x7f8f9b4f6cf0>', team(resolved)='<IDEProvisioningDisambiguatableBasicTeam: 0x7f8f9b2afbe0; teamID='AAPS2WKL6R', teamName='Yanheng Ren', teamType='Individual', username='jerryexplodes@gmail.com', isFreeProvisioningTeam='0'>'>
	Chain (14, self inclusive):
	<IDEDistributionProcessingPipelineContext: 0x7f8f9acd88d0; archive = '<IDEArchive: 0x7f8f9c1dd460>', distributionMethod='<IDEDistributionMethodDevelopmentSigned: 0x7f8f9b4f6cf0>', team='<IDEProvisioningDisambiguatableBasicTeam: 0x7f8f9b2afbe0; teamID='AAPS2WKL6R', teamName='Yanheng Ren', teamType='Individual', username='jerryexplodes@gmail.com', isFreeProvisioningTeam='0'>'>
	<IDEDistributionProcessingPipelineContext: 0x7f8f9dddeb30; archive = '<IDEArchive: 0x7f8f9c1dd460>', distributionMethod='<IDEDistributionMethodDevelopmentSigned: 0x7f8f9b4f6cf0>', team='<IDEProvisioningDisambiguatableBasicTeam: 0x7f8f9b2afbe0; teamID='AAPS2WKL6R', teamName='Yanheng Ren', teamType='Individual', username='jerryexplodes@gmail.com', isFreeProvisioningTeam='0'>'>
	<IDEDistributionContext: 0x7f8f9dae21f0; archive = '<IDEArchive: 0x7f8f9c1dd460>', distributionMethod='<IDEDistributionMethodDevelopmentSigned: 0x7f8f9b4f6cf0>', team='<IDEProvisioningDisambiguatableBasicTeam: 0x7f8f9b2afbe0; teamID='AAPS2WKL6R', teamName='Yanheng Ren', teamType='Individual', username='jerryexplodes@gmail.com', isFreeProvisioningTeam='0'>'>
	<IDEDistributionContext: 0x7f8f9da21b40; archive = '<IDEArchive: 0x7f8f9c1dd460>', distributionMethod='<IDEDistributionMethodDevelopmentSigned: 0x7f8f9b4f6cf0>', team='<IDEProvisioningDisambiguatableBasicTeam: 0x7f8f9b2afbe0; teamID='AAPS2WKL6R', teamName='Yanheng Ren', teamType='Individual', username='jerryexplodes@gmail.com', isFreeProvisioningTeam='0'>'>
	<IDEDistributionContext: 0x7f8f9dba3820; archive = '<IDEArchive: 0x7f8f9c1dd460>', distributionMethod='<IDEDistributionMethodDevelopmentSigned: 0x7f8f9b4f6cf0>', team='<IDEProvisioningDisambiguatableBasicTeam: 0x7f8f9b2afbe0; teamID='AAPS2WKL6R', teamName='Yanheng Ren', teamType='Individual', username='jerryexplodes@gmail.com', isFreeProvisioningTeam='0'>'>
	<IDEDistributionContext: 0x7f8f9db715e0; archive = '<IDEArchive: 0x7f8f9c1dd460>', distributionMethod='<IDEDistributionMethodDevelopmentSigned: 0x7f8f9b4f6cf0>', team='<IDEProvisioningDisambiguatableBasicTeam: 0x7f8f9b2afbe0; teamID='AAPS2WKL6R', teamName='Yanheng Ren', teamType='Individual', username='jerryexplodes@gmail.com', isFreeProvisioningTeam='0'>'>
	<IDEDistributionContext: 0x7f8f9daa2f40; archive = '<IDEArchive: 0x7f8f9c1dd460>', distributionMethod='<IDEDistributionMethodDevelopmentSigned: 0x7f8f9b4f6cf0>', team='<IDEProvisioningDisambiguatableBasicTeam: 0x7f8f9b2afbe0; teamID='AAPS2WKL6R', teamName='Yanheng Ren', teamType='Individual', username='jerryexplodes@gmail.com', isFreeProvisioningTeam='0'>'>
	<IDEDistributionContext: 0x7f8f9daa38f0; archive = '<IDEArchive: 0x7f8f9c1dd460>', distributionMethod='<IDEDistributionMethodDevelopmentSigned: 0x7f8f9b4f6cf0>', team='<IDEProvisioningDisambiguatableBasicTeam: 0x7f8f9b2afbe0; teamID='AAPS2WKL6R', teamName='Yanheng Ren', teamType='Individual', username='jerryexplodes@gmail.com', isFreeProvisioningTeam='0'>'>
	<IDEDistributionContext: 0x7f8f9d9c93d0; archive = '<IDEArchive: 0x7f8f9c1dd460>', distributionMethod='<IDEDistributionMethodDevelopmentSigned: 0x7f8f9b4f6cf0>', team='<IDEProvisioningDisambiguatableBasicTeam: 0x7f8f9b2afbe0; teamID='AAPS2WKL6R', teamName='Yanheng Ren', teamType='Individual', username='jerryexplodes@gmail.com', isFreeProvisioningTeam='0'>'>
	<IDEDistributionContext: 0x7f8f9daa3ae0; archive = '<IDEArchive: 0x7f8f9c1dd460>', distributionMethod='<IDEDistributionMethodDevelopmentSigned: 0x7f8f9b4f6cf0>', team='(null)'>
	<IDEDistributionContext: 0x7f8f9da58c30; archive = '<IDEArchive: 0x7f8f9c1dd460>', distributionMethod='<IDEDistributionMethodDevelopmentSigned: 0x7f8f9b4f6cf0>', team='(null)'>
	<IDEDistributionContext: 0x7f8f9dab1a40; archive = '<IDEArchive: 0x7f8f9c1dd460>', distributionMethod='<IDEDistributionMethodDevelopmentSigned: 0x7f8f9b4f6cf0>', team='(null)'>
	<IDEDistributionContext: 0x7f8f9daae610; archive = '<IDEArchive: 0x7f8f9c1dd460>', distributionMethod='<IDEDistributionMethodDevelopmentSigned: 0x7f8f9b4f6cf0>', team='(null)'>
	<IDEDistributionContext: 0x7f8f9d9b2ac0; archive = '<IDEArchive: 0x7f8f9c1dd460>', distributionMethod='(null)', team='(null)'>
</IDEDistributionProcessingPipelineContext: 0x7f8f9acd88d0>
2021-01-26 20:22:33 +0000  Processing step: IDEDistributionCreateDestRootStep
2021-01-26 20:22:33 +0000  Processing step: IDEDistributionCopyItemStep
2021-01-26 20:22:33 +0000  Running /usr/bin/ditto '-V' '/Users/jerryren/Library/Developer/Xcode/Archives/2021-01-26/DeployableBuild_HelloWorld 1-26-21, 2.43 PM 2.xcarchive/Products/Applications/DeployableBuild_HelloWorld.app' '/var/folders/9y/f5q6zybs2bzdg4053m0wp5040000gn/T/XcodeDistPipeline.~~~H9dwLj/Root/Payload/DeployableBuild_HelloWorld.app'
2021-01-26 20:22:33 +0000  >>> Copying /Users/jerryren/Library/Developer/Xcode/Archives/2021-01-26/DeployableBuild_HelloWorld 1-26-21, 2.43 PM 2.xcarchive/Products/Applications/DeployableBuild_HelloWorld.app 
2021-01-26 20:22:33 +0000  copying file ./_CodeSignature/CodeResources ... 
2021-01-26 20:22:33 +0000  3895 bytes for ./_CodeSignature/CodeResources
2021-01-26 20:22:33 +0000  copying file ./DeployableBuild_HelloWorld ... 
2021-01-26 20:22:33 +0000  172000 bytes for ./DeployableBuild_HelloWorld
2021-01-26 20:22:33 +0000  copying file ./Base.lproj/Main.storyboardc/UIViewController-BYZ-38-t0r.nib ... 
2021-01-26 20:22:33 +0000  960 bytes for ./Base.lproj/Main.storyboardc/UIViewController-BYZ-38-t0r.nib
copying file ./Base.lproj/Main.storyboardc/BYZ-38-t0r-view-8bC-Xf-vdC.nib ... 
1197 bytes for ./Base.lproj/Main.storyboardc/BYZ-38-t0r-view-8bC-Xf-vdC.nib
copying file ./Base.lproj/Main.storyboardc/Info.plist ... 
2021-01-26 20:22:33 +0000  258 bytes for ./Base.lproj/Main.storyboardc/Info.plist
2021-01-26 20:22:33 +0000  copying file ./Base.lproj/LaunchScreen.storyboardc/01J-lp-oVM-view-Ze5-6b-2t3.nib ... 
2021-01-26 20:22:33 +0000  1197 bytes for ./Base.lproj/LaunchScreen.storyboardc/01J-lp-oVM-view-Ze5-6b-2t3.nib
2021-01-26 20:22:33 +0000  copying file ./Base.lproj/LaunchScreen.storyboardc/UIViewController-01J-lp-oVM.nib ... 
2021-01-26 20:22:33 +0000  896 bytes for ./Base.lproj/LaunchScreen.storyboardc/UIViewController-01J-lp-oVM.nib
2021-01-26 20:22:33 +0000  copying file ./Base.lproj/LaunchScreen.storyboardc/Info.plist ... 
2021-01-26 20:22:33 +0000  258 bytes for ./Base.lproj/LaunchScreen.storyboardc/Info.plist
2021-01-26 20:22:33 +0000  copying file ./embedded.mobileprovision ... 
2021-01-26 20:22:33 +0000  7409 bytes for ./embedded.mobileprovision
2021-01-26 20:22:33 +0000  copying file ./Info.plist ... 
1512 bytes for ./Info.plist
copying file ./PkgInfo ... 
2021-01-26 20:22:33 +0000  8 bytes for ./PkgInfo
2021-01-26 20:22:33 +0000  /usr/bin/ditto exited with 0
2021-01-26 20:22:33 +0000  Processing step: IDEDistributionEmbedProfileStep
2021-01-26 20:22:33 +0000  Processing step: IDEDistributionInfoPlistStep
2021-01-26 20:22:33 +0000  Skipping step: IDEDistributionInfoPlistStep because it said so
2021-01-26 20:22:33 +0000  Processing step: IDEDistributionAppThinningPlistStep
2021-01-26 20:22:33 +0000  Skipping step: IDEDistributionAppThinningPlistStep because it said so
2021-01-26 20:22:33 +0000  Processing step: IDEDistributionCompileBitcodeStep
2021-01-26 20:22:33 +0000  Skipping step: IDEDistributionCompileBitcodeStep because it said so
2021-01-26 20:22:33 +0000  Processing step: IDEDistributionCodeSlimmingStep
2021-01-26 20:22:33 +0000  Running /Applications/Xcode.app/Contents/Developer/Toolchains/XcodeDefault.xctoolchain/usr/bin/bitcode_strip '/var/folders/9y/f5q6zybs2bzdg4053m0wp5040000gn/T/XcodeDistPipeline.~~~H9dwLj/Root/Payload/DeployableBuild_HelloWorld.app/DeployableBuild_HelloWorld' '-r' '-o' '/var/folders/9y/f5q6zybs2bzdg4053m0wp5040000gn/T/XcodeDistPipeline.~~~H9dwLj/Root/Payload/DeployableBuild_HelloWorld.app/DeployableBuild_HelloWorld'
2021-01-26 20:22:33 +0000  /Applications/Xcode.app/Contents/Developer/Toolchains/XcodeDefault.xctoolchain/usr/bin/bitcode_strip exited with 0
2021-01-26 20:22:33 +0000  Processing step: IDEDistributionCopyBCSymbolMapsStep
2021-01-26 20:22:33 +0000  Skipping step: IDEDistributionCopyBCSymbolMapsStep because it said so
2021-01-26 20:22:33 +0000  Processing step: IDEDistributionSymbolsStep
2021-01-26 20:22:33 +0000  Skipping step: IDEDistributionSymbolsStep because it said so
2021-01-26 20:22:33 +0000  Processing step: IDEDistributionAppThinningStep
2021-01-26 20:22:33 +0000  Skipping step: IDEDistributionAppThinningStep because it said so
2021-01-26 20:22:33 +0000  Processing step: IDEDistributionArchThinningStep
2021-01-26 20:22:33 +0000  Running /Applications/Xcode.app/Contents/Developer/Toolchains/XcodeDefault.xctoolchain/usr/bin/lipo '/var/folders/9y/f5q6zybs2bzdg4053m0wp5040000gn/T/XcodeDistPipeline.~~~H9dwLj/Root/Payload/DeployableBuild_HelloWorld.app/DeployableBuild_HelloWorld' '-verify_arch' 'arm64e'
2021-01-26 20:22:33 +0000  /Applications/Xcode.app/Contents/Developer/Toolchains/XcodeDefault.xctoolchain/usr/bin/lipo exited with 1
2021-01-26 20:22:33 +0000  Skipping architecture thinning for item "DeployableBuild_HelloWorld" because arch "arm64e" wasn't found
2021-01-26 20:22:33 +0000  Processing step: IDEDistributionODRStep
2021-01-26 20:22:33 +0000  Processing step: IDEDistributionStripXattrsStep
2021-01-26 20:22:33 +0000  Running /usr/bin/xattr '-crs' '/var/folders/9y/f5q6zybs2bzdg4053m0wp5040000gn/T/XcodeDistPipeline.~~~H9dwLj/Root/Payload/DeployableBuild_HelloWorld.app'
2021-01-26 20:22:35 +0000  /usr/bin/xattr exited with 0
2021-01-26 20:22:35 +0000  Processing step: IDEDistributionCodesignStep
2021-01-26 20:22:35 +0000  Entitlements for <IDEDistributionItem: 0x7f8f936fc6b0; bundleID='com.yan.DeployableBuild-HelloWorld', path='<DVTFilePath:0x7f8f9d9acc20:'/Users/jerryren/Library/Developer/Xcode/Archives/2021-01-26/DeployableBuild_HelloWorld 1-26-21, 2.43 PM 2.xcarchive/Products/Applications/DeployableBuild_HelloWorld.app'>', codeSigningInfo='<_DVTCodeSigningInformation_Path: 0x7f8f9c1fa620; isSigned='1', isAdHocSigned='0', signingCertificate='<DVTSigningCertificate: 0x7f8f9dab5dd0; name='Apple Development: jerryexplodes@gmail.com (MYRXYH8WYP)', hash='692B98A09C332205771B111FACA17A63BDBF0F78', serialNumber='<DVTSigningCertificateSerialNumber: 0x7f8f9d9cca30>', certificateKinds='(
    "1.2.840.113635.100.6.1.12",
    "1.2.840.113635.100.6.1.2"
), issueDate='2020-05-09 15:58:00 +0000''>', entitlements='{
    "application-identifier" = "AAPS2WKL6R.com.yan.DeployableBuild-HelloWorld";
    "com.apple.developer.team-identifier" = AAPS2WKL6R;
    "get-task-allow" = 1;
    "keychain-access-groups" =     (
        "AAPS2WKL6R.com.yan.DeployableBuild-HelloWorld"
    );
}', teamID='AAPS2WKL6R', identifier='com.yan.DeployableBuild-HelloWorld', executablePath='<DVTFilePath:0x7f8f9daaecd0:'/Users/jerryren/Library/Developer/Xcode/Archives/2021-01-26/DeployableBuild_HelloWorld 1-26-21, 2.43 PM 2.xcarchive/Products/Applications/DeployableBuild_HelloWorld.app/DeployableBuild_HelloWorld'>', hardenedRuntime='0'>'>: {
    "application-identifier" = "AAPS2WKL6R.com.yan.DeployableBuild-HelloWorld";
    "com.apple.developer.team-identifier" = AAPS2WKL6R;
    "get-task-allow" = 1;
    "keychain-access-groups" =     (
        "AAPS2WKL6R.com.yan.DeployableBuild-HelloWorld"
    );
}
2021-01-26 20:22:35 +0000  Writing entitlements for <IDEDistributionItem: 0x7f8f936fc6b0; bundleID='com.yan.DeployableBuild-HelloWorld', path='<DVTFilePath:0x7f8f9d9acc20:'/Users/jerryren/Library/Developer/Xcode/Archives/2021-01-26/DeployableBuild_HelloWorld 1-26-21, 2.43 PM 2.xcarchive/Products/Applications/DeployableBuild_HelloWorld.app'>', codeSigningInfo='<_DVTCodeSigningInformation_Path: 0x7f8f9c1fa620; isSigned='1', isAdHocSigned='0', signingCertificate='<DVTSigningCertificate: 0x7f8f9acf8090; name='Apple Development: jerryexplodes@gmail.com (MYRXYH8WYP)', hash='692B98A09C332205771B111FACA17A63BDBF0F78', serialNumber='<DVTSigningCertificateSerialNumber: 0x7f8f9db3b920>', certificateKinds='(
    "1.2.840.113635.100.6.1.12",
    "1.2.840.113635.100.6.1.2"
), issueDate='2020-05-09 15:58:00 +0000''>', entitlements='{
    "application-identifier" = "AAPS2WKL6R.com.yan.DeployableBuild-HelloWorld";
    "com.apple.developer.team-identifier" = AAPS2WKL6R;
    "get-task-allow" = 1;
    "keychain-access-groups" =     (
        "AAPS2WKL6R.com.yan.DeployableBuild-HelloWorld"
    );
}', teamID='AAPS2WKL6R', identifier='com.yan.DeployableBuild-HelloWorld', executablePath='<DVTFilePath:0x7f8f9daaecd0:'/Users/jerryren/Library/Developer/Xcode/Archives/2021-01-26/DeployableBuild_HelloWorld 1-26-21, 2.43 PM 2.xcarchive/Products/Applications/DeployableBuild_HelloWorld.app/DeployableBuild_HelloWorld'>', hardenedRuntime='0'>'> to: /var/folders/9y/f5q6zybs2bzdg4053m0wp5040000gn/T/XcodeDistPipeline.~~~H9dwLj/entitlements~~~K1pYa6
2021-01-26 20:22:35 +0000  Running /usr/bin/codesign '-vvv' '--force' '--sign' '692B98A09C332205771B111FACA17A63BDBF0F78' '--entitlements' '/var/folders/9y/f5q6zybs2bzdg4053m0wp5040000gn/T/XcodeDistPipeline.~~~H9dwLj/entitlements~~~K1pYa6' '--preserve-metadata=identifier,flags,runtime' '/var/folders/9y/f5q6zybs2bzdg4053m0wp5040000gn/T/XcodeDistPipeline.~~~H9dwLj/Root/Payload/DeployableBuild_HelloWorld.app'
2021-01-26 20:22:38 +0000  /var/folders/9y/f5q6zybs2bzdg4053m0wp5040000gn/T/XcodeDistPipeline.~~~H9dwLj/Root/Payload/DeployableBuild_HelloWorld.app: signed app bundle with Mach-O thin (arm64) [com.yan.DeployableBuild-HelloWorld]
2021-01-26 20:22:38 +0000  /usr/bin/codesign exited with 0
2021-01-26 20:22:38 +0000  Processing step: IDEDistributionZipODRItemStep
2021-01-26 20:22:38 +0000  Skipping step: IDEDistributionZipODRItemStep because it said so
2021-01-26 20:22:38 +0000  Processing step: IDEDistributionCreateIPAStep
2021-01-26 20:22:38 +0000  Running /usr/bin/ditto '-V' '-c' '-k' '--norsrc' '/var/folders/9y/f5q6zybs2bzdg4053m0wp5040000gn/T/XcodeDistPipeline.~~~H9dwLj/Root' '/var/folders/9y/f5q6zybs2bzdg4053m0wp5040000gn/T/XcodeDistPipeline.~~~H9dwLj/Packages/DeployableBuild_HelloWorld.ipa'
2021-01-26 20:22:38 +0000  >>> Copying /var/folders/9y/f5q6zybs2bzdg4053m0wp5040000gn/T/XcodeDistPipeline.~~~H9dwLj/Root 
2021-01-26 20:22:38 +0000  
2021-01-26 20:22:38 +0000  copying file ./Payload/DeployableBuild_HelloWorld.app/_CodeSignature/CodeResources ... 
2021-01-26 20:22:38 +0000  3895 bytes for ./Payload/DeployableBuild_HelloWorld.app/_CodeSignature/CodeResources
copying file ./Payload/DeployableBuild_HelloWorld.app/DeployableBuild_HelloWorld ... 
2021-01-26 20:22:38 +0000  89440 bytes for ./Payload/DeployableBuild_HelloWorld.app/DeployableBuild_HelloWorld
2021-01-26 20:22:38 +0000  copying file ./Payload/DeployableBuild_HelloWorld.app/Base.lproj/Main.storyboardc/UIViewController-BYZ-38-t0r.nib ... 
960 bytes for ./Payload/DeployableBuild_HelloWorld.app/Base.lproj/Main.storyboardc/UIViewController-BYZ-38-t0r.nib
copying file ./Payload/DeployableBuild_HelloWorld.app/Base.lproj/Main.storyboardc/BYZ-38-t0r-view-8bC-Xf-vdC.nib ... 
1197 bytes for ./Payload/DeployableBuild_HelloWorld.app/Base.lproj/Main.storyboardc/BYZ-38-t0r-view-8bC-Xf-vdC.nib
copying file ./Payload/DeployableBuild_HelloWorld.app/Base.lproj/Main.storyboardc/Info.plist ... 
258 bytes for ./Payload/DeployableBuild_HelloWorld.app/Base.lproj/Main.storyboardc/Info.plist
copying file ./Payload/DeployableBuild_HelloWorld.app/Base.lproj/LaunchScreen.storyboardc/01J-lp-oVM-view-Ze5-6b-2t3.nib ... 
1197 bytes for ./Payload/DeployableBuild_HelloWorld.app/Base.lproj/LaunchScreen.storyboardc/01J-lp-oVM-view-Ze5-6b-2t3.nib
copying file ./Payload/DeployableBuild_HelloWorld.app/Base.lproj/LaunchScreen.storyboardc/UIViewController-01J-lp-oVM.nib ... 
2021-01-26 20:22:38 +0000  896 bytes for ./Payload/DeployableBuild_HelloWorld.app/Base.lproj/LaunchScreen.storyboardc/UIViewController-01J-lp-oVM.nib
2021-01-26 20:22:38 +0000  copying file ./Payload/DeployableBuild_HelloWorld.app/Base.lproj/LaunchScreen.storyboardc/Info.plist ... 
258 bytes for ./Payload/DeployableBuild_HelloWorld.app/Base.lproj/LaunchScreen.storyboardc/Info.plist
2021-01-26 20:22:38 +0000  copying file ./Payload/DeployableBuild_HelloWorld.app/embedded.mobileprovision ... 
2021-01-26 20:22:38 +0000  7409 bytes for ./Payload/DeployableBuild_HelloWorld.app/embedded.mobileprovision
2021-01-26 20:22:38 +0000  copying file ./Payload/DeployableBuild_HelloWorld.app/Info.plist ... 
2021-01-26 20:22:38 +0000  1512 bytes for ./Payload/DeployableBuild_HelloWorld.app/Info.plist
2021-01-26 20:22:38 +0000  copying file ./Payload/DeployableBuild_HelloWorld.app/PkgInfo ... 
2021-01-26 20:22:38 +0000  8 bytes for ./Payload/DeployableBuild_HelloWorld.app/PkgInfo
2021-01-26 20:22:38 +0000  /usr/bin/ditto exited with 0
2021-01-26 20:22:38 +0000  Processing step: IDEDistributionAppStoreInformationStep
2021-01-26 20:22:38 +0000  Skipping step: IDEDistributionAppStoreInformationStep because it said so
2021-01-26 20:22:38 +0000  Processing step: IDEDistributionGenerateProcessedDistributionItems
2021-01-26 20:22:38 +0000  IDEDistributionItem init <DVTFilePath:0x7f8f9dab9090:'/var/folders/9y/f5q6zybs2bzdg4053m0wp5040000gn/T/XcodeDistPipeline.~~~H9dwLj/Root/Payload/DeployableBuild_HelloWorld.app'>
2021-01-26 20:22:38 +0000  Processing step: IDEDistributionCreateManifestStep
